-------------------------------------------------------------------------------
Test set: com.mycompany.app.LoginFrameTest
-------------------------------------------------------------------------------
Tests run: 2, Failures: 0, Errors: 2, Skipped: 0, Time elapsed: 0.043 s <<< FAILURE! -- in com.mycompany.app.LoginFrameTest
com.mycompany.app.LoginFrameTest.shouldShowSuccessOnValidLogin -- Time elapsed: 0.004 s <<< ERROR!
java.lang.NullPointerException: Cannot invoke "org.assertj.swing.fixture.FrameFixture.cleanUp()" because "this.window" is null
	at com.mycompany.app.LoginFrameTest.tearDown(LoginFrameTest.java:27)
	at java.base/java.lang.reflect.Method.invoke(Method.java:580)
	at java.base/java.util.ArrayList.forEach(ArrayList.java:1597)
	at java.base/java.util.ArrayList.forEach(ArrayList.java:1597)
	Suppressed: org.opentest4j.TestAbortedException: Assumption failed: assumption is not false
		at org.junit.jupiter.api.Assumptions.throwAssumptionFailed(Assumptions.java:321)
		at org.junit.jupiter.api.Assumptions.assumeFalse(Assumptions.java:196)
		at org.junit.jupiter.api.Assumptions.assumeFalse(Assumptions.java:147)
		at com.mycompany.app.LoginFrameTest.setUp(LoginFrameTest.java:20)
		... 3 more

com.mycompany.app.LoginFrameTest.shouldShowErrorOnInvalidLogin -- Time elapsed: 0.001 s <<< ERROR!
java.lang.NullPointerException: Cannot invoke "org.assertj.swing.fixture.FrameFixture.cleanUp()" because "this.window" is null
	at com.mycompany.app.LoginFrameTest.tearDown(LoginFrameTest.java:27)
	at java.base/java.lang.reflect.Method.invoke(Method.java:580)
	at java.base/java.util.ArrayList.forEach(ArrayList.java:1597)
	at java.base/java.util.ArrayList.forEach(ArrayList.java:1597)
	Suppressed: org.opentest4j.TestAbortedException: Assumption failed: assumption is not false
		at org.junit.jupiter.api.Assumptions.throwAssumptionFailed(Assumptions.java:321)
		at org.junit.jupiter.api.Assumptions.assumeFalse(Assumptions.java:196)
		at org.junit.jupiter.api.Assumptions.assumeFalse(Assumptions.java:147)
		at com.mycompany.app.LoginFrameTest.setUp(LoginFrameTest.java:20)
		... 3 more

